running bdist_wheel
running build
running build_py
creating build
creating build/lib
creating build/lib/scoring_h2oai_experiment_4e86cfd8_ba96_11e9_b4c6_0242ac110002
copying scoring_h2oai_experiment_4e86cfd8_ba96_11e9_b4c6_0242ac110002/scorer.py -> build/lib/scoring_h2oai_experiment_4e86cfd8_ba96_11e9_b4c6_0242ac110002
copying scoring_h2oai_experiment_4e86cfd8_ba96_11e9_b4c6_0242ac110002/__init__.py -> build/lib/scoring_h2oai_experiment_4e86cfd8_ba96_11e9_b4c6_0242ac110002
copying scoring_h2oai_experiment_4e86cfd8_ba96_11e9_b4c6_0242ac110002/unfitted_pipeline.pickle -> build/lib/scoring_h2oai_experiment_4e86cfd8_ba96_11e9_b4c6_0242ac110002
copying scoring_h2oai_experiment_4e86cfd8_ba96_11e9_b4c6_0242ac110002/fitted_model.pickle -> build/lib/scoring_h2oai_experiment_4e86cfd8_ba96_11e9_b4c6_0242ac110002
copying scoring_h2oai_experiment_4e86cfd8_ba96_11e9_b4c6_0242ac110002/schema.pickle -> build/lib/scoring_h2oai_experiment_4e86cfd8_ba96_11e9_b4c6_0242ac110002
copying scoring_h2oai_experiment_4e86cfd8_ba96_11e9_b4c6_0242ac110002/config_overrides.pickle -> build/lib/scoring_h2oai_experiment_4e86cfd8_ba96_11e9_b4c6_0242ac110002
installing to build/bdist.linux-x86_64/wheel
running install
running install_lib
creating build/bdist.linux-x86_64
creating build/bdist.linux-x86_64/wheel
creating build/bdist.linux-x86_64/wheel/scoring_h2oai_experiment_4e86cfd8_ba96_11e9_b4c6_0242ac110002
copying build/lib/scoring_h2oai_experiment_4e86cfd8_ba96_11e9_b4c6_0242ac110002/scorer.py -> build/bdist.linux-x86_64/wheel/scoring_h2oai_experiment_4e86cfd8_ba96_11e9_b4c6_0242ac110002
copying build/lib/scoring_h2oai_experiment_4e86cfd8_ba96_11e9_b4c6_0242ac110002/config_overrides.pickle -> build/bdist.linux-x86_64/wheel/scoring_h2oai_experiment_4e86cfd8_ba96_11e9_b4c6_0242ac110002
copying build/lib/scoring_h2oai_experiment_4e86cfd8_ba96_11e9_b4c6_0242ac110002/__init__.py -> build/bdist.linux-x86_64/wheel/scoring_h2oai_experiment_4e86cfd8_ba96_11e9_b4c6_0242ac110002
copying build/lib/scoring_h2oai_experiment_4e86cfd8_ba96_11e9_b4c6_0242ac110002/unfitted_pipeline.pickle -> build/bdist.linux-x86_64/wheel/scoring_h2oai_experiment_4e86cfd8_ba96_11e9_b4c6_0242ac110002
copying build/lib/scoring_h2oai_experiment_4e86cfd8_ba96_11e9_b4c6_0242ac110002/fitted_model.pickle -> build/bdist.linux-x86_64/wheel/scoring_h2oai_experiment_4e86cfd8_ba96_11e9_b4c6_0242ac110002
copying build/lib/scoring_h2oai_experiment_4e86cfd8_ba96_11e9_b4c6_0242ac110002/schema.pickle -> build/bdist.linux-x86_64/wheel/scoring_h2oai_experiment_4e86cfd8_ba96_11e9_b4c6_0242ac110002
running install_egg_info
running egg_info
creating scoring_h2oai_experiment_4e86cfd8_ba96_11e9_b4c6_0242ac110002.egg-info
writing scoring_h2oai_experiment_4e86cfd8_ba96_11e9_b4c6_0242ac110002.egg-info/PKG-INFO
writing dependency_links to scoring_h2oai_experiment_4e86cfd8_ba96_11e9_b4c6_0242ac110002.egg-info/dependency_links.txt
writing top-level names to scoring_h2oai_experiment_4e86cfd8_ba96_11e9_b4c6_0242ac110002.egg-info/top_level.txt
writing manifest file 'scoring_h2oai_experiment_4e86cfd8_ba96_11e9_b4c6_0242ac110002.egg-info/SOURCES.txt'
reading manifest file 'scoring_h2oai_experiment_4e86cfd8_ba96_11e9_b4c6_0242ac110002.egg-info/SOURCES.txt'
writing manifest file 'scoring_h2oai_experiment_4e86cfd8_ba96_11e9_b4c6_0242ac110002.egg-info/SOURCES.txt'
Copying scoring_h2oai_experiment_4e86cfd8_ba96_11e9_b4c6_0242ac110002.egg-info to build/bdist.linux-x86_64/wheel/scoring_h2oai_experiment_4e86cfd8_ba96_11e9_b4c6_0242ac110002-1.0.0-py3.6.egg-info
running install_scripts
creating build/bdist.linux-x86_64/wheel/scoring_h2oai_experiment_4e86cfd8_ba96_11e9_b4c6_0242ac110002-1.0.0.dist-info/WHEEL
